<?xml version="1.0" encoding="UTF-8"?>
<!-- Generated by org.testng.reporters.JUnitReportReporter -->
<testsuite hostname="LAPTOP-RH1JTEVK" failures="0" tests="2" name="sele.NewTest" time="7.430" errors="0" timestamp="2023-12-05T23:16:46 IST" skipped="0">
  <testcase classname="sele.NewTest" name="f" time="3.951"/>
  <system-out/>
  <testcase classname="sele.NewTest" name="support" time="3.479"/>
  <system-out/>
</testsuite> <!-- sele.NewTest -->
